<?xml version="1.0" encoding="UTF-8"?>
<!-- Generated by org.testng.reporters.JUnitReportReporter -->
<testsuite skipped="0" hostname="DESKTOP-6IP7VMK" name="variousConcepts.Login_Test_TestNG" tests="2" failures="0" timestamp="2021-03-13T01:07:16 EST" time="18.369" errors="0">
  <testcase name="loginTest" time="6.737" classname="variousConcepts.Login_Test_TestNG"/>
  <system-out/>
  <testcase name="addCustomerTest" time="11.632" classname="variousConcepts.Login_Test_TestNG"/>
  <system-out/>
</testsuite> <!-- variousConcepts.Login_Test_TestNG -->
