<?xml version="1.0" encoding="UTF-8"?>
<!-- Generated by org.testng.reporters.JUnitReportReporter -->
<testsuite skipped="0" hostname="DESKTOP-6IP7VMK" name="variousConcepts.LoginTest_TestNG" tests="2" failures="0" timestamp="2021-03-12T04:48:24 EST" time="14.318" errors="0">
  <testcase name="loginTest" time="6.715" classname="variousConcepts.LoginTest_TestNG"/>
  <system-out/>
  <testcase name="addCustomerTest" time="7.603" classname="variousConcepts.LoginTest_TestNG"/>
  <system-out/>
</testsuite> <!-- variousConcepts.LoginTest_TestNG -->
